{
  "RSpec": {
    "coverage": {
      "/Users/Max/Programming/turing/3module/projects/solar_calc/app/models/user.rb": [
        1,
        null,
        null,
        1,
        null,
        null,
        1,
        null
      ],
      "/Users/Max/Programming/turing/3module/projects/solar_calc/app/models/application_record.rb": [
        1,
        1,
        null
      ],
      "/Users/Max/Programming/turing/3module/projects/solar_calc/app/helpers/application_helper.rb": [
        1,
        null
      ],
      "/Users/Max/Programming/turing/3module/projects/solar_calc/app/models/appliance.rb": [
        1,
        1,
        1,
        null
      ],
      "/Users/Max/Programming/turing/3module/projects/solar_calc/app/models/basic_utility_rate.rb": [
        1,
        1,
        null,
        1,
        6,
        6,
        null,
        null,
        null,
        null,
        null,
        1,
        1,
        1,
        null,
        null,
        1,
        null,
        null,
        1,
        8,
        1,
        7,
        1,
        null,
        6,
        null,
        null,
        null
      ],
      "/Users/Max/Programming/turing/3module/projects/solar_calc/app/models/category.rb": [
        1,
        1,
        1,
        null
      ],
      "/Users/Max/Programming/turing/3module/projects/solar_calc/app/models/consumption.rb": [
        1,
        1,
        1,
        null,
        1,
        null,
        1,
        null,
        3,
        null,
        null,
        null,
        null,
        null,
        null,
        null,
        null,
        null,
        null,
        null,
        null,
        null,
        null
      ],
      "/Users/Max/Programming/turing/3module/projects/solar_calc/app/models/installation.rb": [
        1,
        1,
        1,
        1,
        1,
        1,
        null,
        1,
        3,
        3,
        null,
        36,
        3,
        null,
        null
      ],
      "/Users/Max/Programming/turing/3module/projects/solar_calc/app/models/monthly_solar_output.rb": [
        1,
        1,
        3,
        0,
        null,
        3,
        3,
        null,
        null,
        null,
        null,
        null,
        null,
        null,
        null,
        null,
        null,
        null,
        null,
        null,
        null,
        null,
        1,
        3,
        null,
        null
      ],
      "/Users/Max/Programming/turing/3module/projects/solar_calc/app/models/solar_system.rb": [
        1,
        1,
        1,
        null,
        1,
        null,
        1,
        1,
        null,
        1,
        15,
        15,
        15,
        15,
        15,
        15,
        15,
        15,
        15,
        15,
        null,
        15,
        15,
        null,
        null
      ],
      "/Users/Max/Programming/turing/3module/projects/solar_calc/app/controllers/welcome_controller.rb": [
        1,
        1,
        null,
        null
      ],
      "/Users/Max/Programming/turing/3module/projects/solar_calc/app/controllers/application_controller.rb": [
        1,
        1,
        null,
        1,
        1,
        1,
        null,
        null
      ],
      "/Users/Max/Programming/turing/3module/projects/solar_calc/app/controllers/installations_controller.rb": [
        1,
        1,
        null,
        1,
        8,
        null,
        null,
        1,
        6,
        4,
        2,
        1,
        null,
        1,
        null,
        null,
        null,
        1,
        5,
        null,
        null,
        1,
        4,
        4,
        0,
        null,
        4,
        4,
        4,
        null,
        0,
        0,
        null,
        null,
        null,
        1,
        1,
        1,
        null,
        0,
        null,
        null,
        null,
        1,
        1,
        1,
        1,
        null,
        0,
        0,
        null,
        null,
        null,
        1,
        1,
        5,
        null,
        null
      ],
      "/Users/Max/Programming/turing/3module/projects/solar_calc/app/models/production.rb": [
        1,
        1,
        1,
        null,
        null,
        null,
        null
      ],
      "/Users/Max/Programming/turing/3module/projects/solar_calc/app/models/production_builder.rb": [
        1,
        1,
        null,
        1,
        15,
        15,
        15,
        null,
        null,
        1,
        15,
        null,
        null,
        1,
        15,
        null,
        null,
        1,
        15,
        null,
        null,
        1,
        15,
        null,
        null,
        1,
        15,
        null,
        null,
        1,
        15,
        15,
        15,
        15,
        15,
        15,
        15,
        15,
        15,
        15,
        15,
        15,
        null,
        null,
        1,
        15,
        15,
        15,
        15,
        15,
        15,
        15,
        15,
        15,
        15,
        15,
        15,
        null,
        null
      ],
      "/Users/Max/Programming/turing/3module/projects/solar_calc/app/services/nrel_service.rb": [
        1,
        1,
        25,
        null,
        null,
        1,
        15,
        15,
        null,
        null,
        null,
        null,
        null,
        null,
        null,
        null,
        null,
        null,
        15,
        null,
        null,
        1,
        25,
        null,
        null,
        1,
        7,
        7,
        null,
        7,
        null,
        null,
        1,
        3,
        3,
        null,
        3,
        null,
        null,
        null
      ],
      "/Users/Max/Programming/turing/3module/projects/solar_calc/app/presenters/installation_presenter.rb": [
        1,
        1,
        null,
        1,
        5,
        5,
        5,
        5,
        5,
        null,
        null
      ],
      "/Users/Max/Programming/turing/3module/projects/solar_calc/app/controllers/consumptions_controller.rb": [
        1,
        1,
        4,
        null,
        null,
        1,
        3,
        3,
        3,
        3,
        null,
        0,
        0,
        null,
        null,
        null,
        1,
        1,
        null,
        null,
        1,
        1,
        1,
        1,
        1,
        null,
        0,
        0,
        null,
        null,
        null,
        null,
        1,
        1,
        4,
        null,
        null,
        null
      ],
      "/Users/Max/Programming/turing/3module/projects/solar_calc/app/controllers/solar_systems_controller.rb": [
        1,
        null,
        1,
        3,
        3,
        null,
        null,
        1,
        1,
        1,
        1,
        1,
        null,
        0,
        0,
        null,
        null,
        null,
        1,
        1,
        null,
        null,
        1,
        1,
        1,
        1,
        1,
        null,
        0,
        0,
        null,
        null,
        null,
        1,
        1,
        2,
        null,
        null,
        null
      ],
      "/Users/Max/Programming/turing/3module/projects/solar_calc/app/mailers/application_mailer.rb": [
        0,
        0,
        0,
        0
      ],
      "/Users/Max/Programming/turing/3module/projects/solar_calc/app/jobs/application_job.rb": [
        0,
        0
      ],
      "/Users/Max/Programming/turing/3module/projects/solar_calc/app/channels/application_cable/connection.rb": [
        0,
        0,
        0,
        0
      ],
      "/Users/Max/Programming/turing/3module/projects/solar_calc/app/channels/application_cable/channel.rb": [
        0,
        0,
        0,
        0
      ]
    },
    "timestamp": 1519676103
  }
}
