{
  "RSpec": {
    "coverage": {
      "/Users/Max/Programming/turing/3module/projects/solar_calc/app/models/user.rb": [
        1,
        null,
        null,
        1,
        null,
        null,
        1,
        null
      ],
      "/Users/Max/Programming/turing/3module/projects/solar_calc/app/models/application_record.rb": [
        1,
        1,
        null
      ],
      "/Users/Max/Programming/turing/3module/projects/solar_calc/app/helpers/application_helper.rb": [
        1,
        null
      ],
      "/Users/Max/Programming/turing/3module/projects/solar_calc/app/services/consumption_estimation_module.rb": [
        1,
        1,
        1,
        12,
        null,
        365,
        8760,
        null,
        null,
        1,
        null,
        null,
        1,
        0,
        null,
        null,
        1,
        0,
        null,
        null,
        1,
        366,
        null,
        null,
        null,
        null,
        null,
        null,
        null,
        null,
        null,
        null,
        null,
        null,
        null,
        null,
        null,
        null,
        null,
        null,
        null,
        null,
        null,
        null,
        null,
        null,
        null,
        1,
        9150,
        null,
        null
      ],
      "/Users/Max/Programming/turing/3module/projects/solar_calc/app/mailers/application_mailer.rb": [
        0,
        0,
        0,
        0
      ],
      "/Users/Max/Programming/turing/3module/projects/solar_calc/app/decorators/production_decorator.rb": [
        0,
        null,
        null,
        null,
        null,
        null,
        null,
        null,
        null,
        null,
        0,
        0,
        0,
        0,
        0,
        0,
        0,
        0,
        0,
        0,
        0,
        0,
        null,
        0,
        0,
        0,
        null,
        0,
        0,
        0,
        null,
        0,
        0,
        0,
        null,
        0,
        0,
        0,
        0
      ],
      "/Users/Max/Programming/turing/3module/projects/solar_calc/app/decorators/consumption_decorator.rb": [
        0,
        null,
        null,
        null,
        null,
        null,
        null,
        null,
        null,
        null,
        0,
        0,
        0,
        0,
        0,
        0,
        0,
        0,
        0,
        0,
        0,
        0,
        null,
        0,
        0,
        0,
        null,
        0,
        0,
        0,
        null,
        0,
        0,
        0,
        null,
        0,
        0,
        0,
        0
      ],
      "/Users/Max/Programming/turing/3module/projects/solar_calc/app/decorators/battery_decorator.rb": [
        0,
        null,
        null,
        null,
        null,
        null,
        null,
        null,
        null,
        null,
        null,
        null,
        null,
        null,
        0,
        0,
        0,
        0,
        0,
        0,
        0,
        0,
        0,
        0,
        0,
        0,
        null,
        0,
        0,
        0,
        null,
        0,
        0,
        0,
        null,
        0,
        0,
        0,
        null,
        0,
        0,
        0,
        0
      ],
      "/Users/Max/Programming/turing/3module/projects/solar_calc/app/models/production.rb": [
        0,
        0,
        0,
        0,
        0,
        null,
        0,
        0,
        0,
        0,
        0,
        null,
        0,
        0,
        0,
        0,
        0,
        null,
        0,
        0,
        0,
        null,
        0,
        0,
        0,
        null,
        0,
        0
      ],
      "/Users/Max/Programming/turing/3module/projects/solar_calc/app/models/consumption.rb": [
        0,
        0,
        null,
        0,
        0,
        null,
        0,
        null,
        0,
        0,
        0,
        null,
        0,
        0,
        0,
        0,
        0,
        0,
        0,
        null,
        0,
        0,
        0,
        0,
        0,
        0,
        0,
        0,
        0,
        0,
        0,
        0,
        0,
        0,
        0,
        0,
        null,
        0,
        0,
        0,
        0,
        0,
        0,
        0,
        0,
        0,
        0,
        0,
        0,
        0,
        0,
        0,
        0,
        0
      ],
      "/Users/Max/Programming/turing/3module/projects/solar_calc/app/models/category.rb": [
        0,
        0,
        0,
        0
      ],
      "/Users/Max/Programming/turing/3module/projects/solar_calc/app/models/production_builder.rb": [
        0,
        0,
        null,
        0,
        0,
        0,
        0,
        0,
        null,
        0,
        0,
        0,
        null,
        0,
        0,
        0,
        null,
        0,
        0,
        0,
        null,
        0,
        0,
        0,
        null,
        0,
        0,
        0,
        null,
        0,
        0,
        0,
        null,
        0,
        0,
        0,
        null,
        0,
        0,
        0,
        0,
        0,
        0,
        0,
        0,
        0,
        0,
        0,
        0,
        0,
        0,
        null,
        0,
        0,
        0,
        0,
        0,
        0,
        0,
        0,
        0,
        0,
        0,
        0,
        0,
        0,
        0
      ],
      "/Users/Max/Programming/turing/3module/projects/solar_calc/app/models/monthly_solar_output.rb": [
        0,
        0,
        0,
        0,
        0,
        0,
        0,
        0,
        0,
        0,
        0,
        0,
        0,
        0,
        0,
        0,
        0,
        0,
        0,
        0,
        0,
        null,
        0,
        0,
        0,
        0
      ],
      "/Users/Max/Programming/turing/3module/projects/solar_calc/app/models/appliance.rb": [
        0,
        0,
        0,
        0
      ],
      "/Users/Max/Programming/turing/3module/projects/solar_calc/app/models/solar_system.rb": [
        0,
        0,
        null,
        0,
        0,
        null,
        0,
        null,
        0,
        0,
        null,
        0,
        0,
        0,
        0,
        0,
        0,
        0,
        0,
        0,
        0,
        0,
        0,
        0,
        0,
        0,
        null,
        0,
        0,
        0,
        0,
        0,
        0,
        null,
        0,
        0,
        0,
        0
      ],
      "/Users/Max/Programming/turing/3module/projects/solar_calc/app/models/installation.rb": [
        0,
        0,
        null,
        0,
        0,
        0,
        0,
        0,
        0,
        null,
        0,
        0,
        0,
        0,
        0,
        0,
        0,
        null,
        0,
        0,
        0,
        0
      ],
      "/Users/Max/Programming/turing/3module/projects/solar_calc/app/models/battery.rb": [
        0,
        0,
        0,
        null,
        0,
        0,
        0,
        0
      ],
      "/Users/Max/Programming/turing/3module/projects/solar_calc/app/models/basic_utility_rate.rb": [
        0,
        0,
        null,
        0,
        0,
        0,
        0,
        0,
        0,
        0,
        null,
        0,
        0,
        0,
        0,
        0,
        0,
        0,
        null,
        0,
        0,
        0,
        0,
        0,
        0,
        0,
        0,
        0,
        0
      ],
      "/Users/Max/Programming/turing/3module/projects/solar_calc/app/presenters/installation_presenter.rb": [
        0,
        0,
        0,
        0,
        0,
        0,
        0,
        null,
        0,
        0,
        0,
        0,
        0,
        0,
        0,
        0,
        0
      ],
      "/Users/Max/Programming/turing/3module/projects/solar_calc/app/jobs/application_job.rb": [
        0,
        0
      ],
      "/Users/Max/Programming/turing/3module/projects/solar_calc/app/controllers/consumptions_controller.rb": [
        0,
        0,
        0,
        0,
        null,
        0,
        0,
        0,
        0,
        0,
        0,
        0,
        0,
        0,
        0,
        null,
        0,
        0,
        0,
        null,
        0,
        0,
        0,
        0,
        0,
        0,
        0,
        0,
        0,
        null,
        null,
        0,
        0,
        0,
        0,
        null,
        0
      ],
      "/Users/Max/Programming/turing/3module/projects/solar_calc/app/controllers/application_controller.rb": [
        0,
        0,
        null,
        0,
        0,
        0,
        0,
        0
      ],
      "/Users/Max/Programming/turing/3module/projects/solar_calc/app/controllers/solar_systems_controller.rb": [
        0,
        null,
        0,
        0,
        0,
        0,
        null,
        0,
        0,
        0,
        0,
        0,
        0,
        0,
        0,
        0,
        0,
        null,
        0,
        0,
        0,
        null,
        0,
        0,
        0,
        0,
        0,
        0,
        0,
        0,
        0,
        0,
        null,
        0,
        0,
        0,
        0,
        null,
        0
      ],
      "/Users/Max/Programming/turing/3module/projects/solar_calc/app/controllers/installations_controller.rb": [
        0,
        0,
        null,
        0,
        0,
        0,
        null,
        0,
        0,
        0,
        0,
        0,
        0,
        0,
        0,
        0,
        null,
        0,
        0,
        0,
        null,
        0,
        0,
        0,
        0,
        0,
        0,
        0,
        0,
        0,
        0,
        0,
        0,
        0,
        null,
        0,
        0,
        0,
        0,
        0,
        0,
        0,
        null,
        0,
        0,
        0,
        0,
        0,
        0,
        0,
        0,
        0,
        null,
        0,
        0,
        0,
        0,
        0
      ],
      "/Users/Max/Programming/turing/3module/projects/solar_calc/app/controllers/welcome_controller.rb": [
        0,
        0,
        0,
        0
      ],
      "/Users/Max/Programming/turing/3module/projects/solar_calc/app/services/nrel_service.rb": [
        0,
        0,
        0,
        0,
        null,
        0,
        0,
        0,
        0,
        0,
        0,
        0,
        0,
        0,
        0,
        0,
        0,
        0,
        0,
        0,
        null,
        0,
        0,
        0,
        null,
        0,
        0,
        0,
        0,
        0,
        0,
        null,
        0,
        0,
        0,
        0,
        0,
        0,
        null,
        0
      ],
      "/Users/Max/Programming/turing/3module/projects/solar_calc/app/services/battery_calculation_module.rb": [
        0,
        null,
        0,
        0,
        0,
        0,
        0,
        0,
        0,
        null,
        0,
        0,
        0,
        0,
        0,
        0
      ],
      "/Users/Max/Programming/turing/3module/projects/solar_calc/app/channels/application_cable/connection.rb": [
        0,
        0,
        0,
        0
      ],
      "/Users/Max/Programming/turing/3module/projects/solar_calc/app/channels/application_cable/channel.rb": [
        0,
        0,
        0,
        0
      ]
    },
    "timestamp": 1519839257
  }
}
